<?xml version="1.0" encoding="UTF-8"?>
<!-- Generated by org.testng.reporters.JUnitReportReporter -->
<testsuite skipped="0" hostname="BOD-9061-01" name="sennsion5.NewDepositTese" tests="2" failures="0" timestamp="2020-02-10T11:44:16 EST" time="50.173" errors="0">
  <testcase name="userShouldBeAbleAddDeposit2" time="13.363" classname="sennsion5.NewDepositTese"/>
  <testcase name="userShouldBeAbleAddDeposit1" time="36.810" classname="sennsion5.NewDepositTese"/>
</testsuite> <!-- sennsion5.NewDepositTese -->
